
--------------------------------------------------
TXLib сообщает:

Программа: C:\Users\root\source\repos\SeaBattle\bin\Debug\SeaBattle.exe, файл: c:\codeblocks\mingw\include\txlib.h, строка: 13628, функция: bool {anonymous}::TX::txBitBlt(HDC, double, double, double, double, HDC, double, double, unsigned int),

Сообщение: Параметр "sourceImage" неверен. Возможно, этот холст не создан, или уже уничтожен, или не загрузилась картинка.

#1: TXLib [Ver: 00173a, Rev: 171, Date: 2021-07-19 01:45:49 +0400], Instance: 0x004F42FC (32-bit), Flags: CMdRe0, Thread: 0x3F14 (Main), GetLastError(): 13 (Недопустимые данные). 

--------------------------------------------------
Стек вызовов:

# 0 0x00416F73 in C:\Users\root\source\repos\SeaBattle\bin\Debug\SeaBattle.exe: txBitBlt() at c:/codeblocks/mingw/include/txlib.h (13628)

# 1 0x0041D38A in C:\Users\root\source\repos\SeaBattle\bin\Debug\SeaBattle.exe: main() at C:/Users/root/source/repos/SeaBattle/main.cpp (35):

     33:         txSetFillColor (TX_BLACK);
     34: 
=>   35:         txBitBlt(txDC(), 0, 0, 800, 600, fon);
     36: 
     37: 

--------------------------------------------------
Developed with:

The Dumb Artist Library (TX Library)
TXLib [Ver: 00173a, Rev: 171, Date: 2021-07-19 01:45:49 +0400]
Copyright (C) Ded (Ilya Dedinsky, http://txlib.ru) <mail@txlib.ru>
See license on: http://txlib.ru

TXLib file:	c:\codeblocks\mingw\include\txlib.h
Compiled:	Dec  3 2024 18:39:14, GNU g++ 4.8.1, std=201103L, MinGW Runtime 3.20, 32-bit, Debug
Started:	Dec 03 2024 18:39:21

Run file:	C:\Users\root\source\repos\SeaBattle\bin\Debug\SeaBattle.exe
Directory:	C:\Users\root\source\repos\SeaBattle

--------------------------------------------------

--------------------------------------------------
TXLib сообщает:

Программа: C:\Users\root\source\repos\SeaBattle\bin\Debug\SeaBattle.exe, файл: c:\codeblocks\mingw\include\txlib.h, строка: 13628, функция: bool {anonymous}::TX::txBitBlt(HDC, double, double, double, double, HDC, double, double, unsigned int),

Сообщение: Параметр "sourceImage" неверен. Возможно, этот холст не создан, или уже уничтожен, или не загрузилась картинка.

#2: TXLib [Ver: 00173a, Rev: 171, Date: 2021-07-19 01:45:49 +0400], Instance: 0x004F42FC (32-bit), Flags: CMdRe0, Thread: 0x3F14 (Main), GetLastError(): 13 (Недопустимые данные). 

--------------------------------------------------
Стек вызовов:

# 0 0x00416F73 in C:\Users\root\source\repos\SeaBattle\bin\Debug\SeaBattle.exe: txBitBlt() at c:/codeblocks/mingw/include/txlib.h (13628)

# 1 0x0041D38A in C:\Users\root\source\repos\SeaBattle\bin\Debug\SeaBattle.exe: main() at C:/Users/root/source/repos/SeaBattle/main.cpp (35):

     33:         txSetFillColor (TX_BLACK);
     34: 
=>   35:         txBitBlt(txDC(), 0, 0, 800, 600, fon);
     36: 
     37: 

--------------------------------------------------
Developed with:

The Dumb Artist Library (TX Library)
TXLib [Ver: 00173a, Rev: 171, Date: 2021-07-19 01:45:49 +0400]
Copyright (C) Ded (Ilya Dedinsky, http://txlib.ru) <mail@txlib.ru>
See license on: http://txlib.ru

TXLib file:	c:\codeblocks\mingw\include\txlib.h
Compiled:	Dec  3 2024 18:39:14, GNU g++ 4.8.1, std=201103L, MinGW Runtime 3.20, 32-bit, Debug
Started:	Dec 03 2024 18:39:21

Run file:	C:\Users\root\source\repos\SeaBattle\bin\Debug\SeaBattle.exe
Directory:	C:\Users\root\source\repos\SeaBattle

--------------------------------------------------
